<?xml version="1.0" encoding="UTF-8"?>
<!-- Generated by org.testng.reporters.JUnitXMLReporter -->
<testsuite ignored="0" hostname="DESKTOP-ENLP2KH" failures="0" tests="4" name="Default test" time="10.703" errors="0" timestamp="2023-12-07T18:16:23 EET">
  <testcase classname="firstAutomationProject.MyTestCase" name="NumberTest" time="0.063"/>
  <testcase classname="firstAutomationProject.MyTestCase" name="currencyTest" time="0.047"/>
  <testcase classname="firstAutomationProject.MyTestCase" name="langugeTest" time="0.067"/>
  <testcase classname="firstAutomationProject.MyTestCase" name="timeTest" time="0.3"/>
</testsuite> <!-- Default test -->
